2021-08-19 12:02:36,760 INFO [Http11NioProtocol.log.173] Initializing ProtocolHandler ["http-nio-8080"]
2021-08-19 12:02:36,785 INFO [StandardService.log.173] Starting service [Tomcat]
2021-08-19 12:02:36,786 INFO [StandardEngine.log.173] Starting Servlet engine: [Apache Tomcat/9.0.37]
2021-08-19 12:02:36,953 INFO [[/].log.173] Initializing Spring embedded WebApplicationContext
2021-08-19 12:02:37,825 INFO [Http11NioProtocol.log.173] Starting ProtocolHandler ["http-nio-8080"]
2021-08-19 12:03:24,722 INFO [[/].log.173] Initializing Spring DispatcherServlet 'dispatcherServlet'
2021-08-19 12:03:24,794 INFO [ControllerBusiness.stats.53] Start: com.mercadolibre.test.magneto.business.ControllerBusiness/stats
2021-08-19 12:03:24,827 INFO [HikariDataSource.getConnection.110] HikariPool-1 - Starting...
2021-08-19 12:03:25,400 INFO [HikariDataSource.getConnection.123] HikariPool-1 - Start completed.
2021-08-19 12:03:25,494 INFO [ControllerBusiness.stats.71] End com.mercadolibre.test.magneto.business.ControllerBusiness/stats
2021-08-19 12:06:37,131 INFO [Http11NioProtocol.log.173] Initializing ProtocolHandler ["http-nio-8080"]
2021-08-19 12:06:37,180 INFO [StandardService.log.173] Starting service [Tomcat]
2021-08-19 12:06:37,182 INFO [StandardEngine.log.173] Starting Servlet engine: [Apache Tomcat/9.0.37]
2021-08-19 12:06:37,382 INFO [[/].log.173] Initializing Spring embedded WebApplicationContext
2021-08-19 12:06:38,409 INFO [Http11NioProtocol.log.173] Starting ProtocolHandler ["http-nio-8080"]
2021-08-19 12:07:01,842 INFO [[/].log.173] Initializing Spring DispatcherServlet 'dispatcherServlet'
2021-08-19 12:07:01,904 INFO [ControllerBusiness.stats.53] Start: com.mercadolibre.test.magneto.business.ControllerBusiness/stats
2021-08-19 12:07:01,936 INFO [HikariDataSource.getConnection.110] HikariPool-1 - Starting...
2021-08-19 12:07:02,520 INFO [HikariDataSource.getConnection.123] HikariPool-1 - Start completed.
2021-08-19 12:07:02,589 ERROR [ControllerBusiness.stats.70] Response: ResponseDTO(stats=Stats(countMutantDna=2, countHumanDna=2, ratio=1.0))
2021-08-19 12:07:02,591 INFO [ControllerBusiness.stats.71] End com.mercadolibre.test.magneto.business.ControllerBusiness/stats
2021-08-19 12:09:05,107 INFO [Http11NioProtocol.log.173] Initializing ProtocolHandler ["http-nio-8080"]
2021-08-19 12:09:05,132 INFO [StandardService.log.173] Starting service [Tomcat]
2021-08-19 12:09:05,133 INFO [StandardEngine.log.173] Starting Servlet engine: [Apache Tomcat/9.0.37]
2021-08-19 12:09:05,399 INFO [[/].log.173] Initializing Spring embedded WebApplicationContext
2021-08-19 12:09:06,299 INFO [Http11NioProtocol.log.173] Starting ProtocolHandler ["http-nio-8080"]
2021-08-19 12:09:12,803 INFO [[/].log.173] Initializing Spring DispatcherServlet 'dispatcherServlet'
2021-08-19 12:09:12,852 INFO [ControllerBusiness.stats.53] Start...
2021-08-19 12:09:12,880 INFO [HikariDataSource.getConnection.110] HikariPool-1 - Starting...
2021-08-19 12:09:13,423 INFO [HikariDataSource.getConnection.123] HikariPool-1 - Start completed.
2021-08-19 12:09:13,499 INFO [ControllerBusiness.stats.71] End...
2021-08-19 12:10:08,711 INFO [Http11NioProtocol.log.173] Initializing ProtocolHandler ["http-nio-8080"]
2021-08-19 12:10:08,771 INFO [StandardService.log.173] Starting service [Tomcat]
2021-08-19 12:10:08,773 INFO [StandardEngine.log.173] Starting Servlet engine: [Apache Tomcat/9.0.37]
2021-08-19 12:10:09,022 INFO [[/].log.173] Initializing Spring embedded WebApplicationContext
2021-08-19 12:10:10,053 INFO [Http11NioProtocol.log.173] Starting ProtocolHandler ["http-nio-8080"]
2021-08-19 12:10:13,007 INFO [[/].log.173] Initializing Spring DispatcherServlet 'dispatcherServlet'
2021-08-19 12:10:13,057 INFO [ControllerBusiness.stats.53] Start...
2021-08-19 12:10:13,091 INFO [HikariDataSource.getConnection.110] HikariPool-1 - Starting...
2021-08-19 12:10:13,567 INFO [HikariDataSource.getConnection.123] HikariPool-1 - Start completed.
2021-08-19 12:10:13,658 INFO [ControllerBusiness.stats.70] Response: ResponseDTO(stats=Stats(countMutantDna=2, countHumanDna=2, ratio=1.0))
2021-08-19 12:10:13,659 INFO [ControllerBusiness.stats.71] End...
2021-08-19 13:10:14,472 INFO [ControllerBusiness.stats.53] Start...
2021-08-19 13:10:14,479 INFO [ControllerBusiness.stats.70] Response: ResponseDTO(stats=Stats(countMutantDna=null, countHumanDna=null, ratio=null))
2021-08-19 13:10:14,480 INFO [ControllerBusiness.stats.71] End...
2021-08-19 13:11:20,044 INFO [Http11NioProtocol.log.173] Initializing ProtocolHandler ["http-nio-8080"]
2021-08-19 13:11:20,073 INFO [StandardService.log.173] Starting service [Tomcat]
2021-08-19 13:11:20,073 INFO [StandardEngine.log.173] Starting Servlet engine: [Apache Tomcat/9.0.37]
2021-08-19 13:11:20,271 INFO [[/].log.173] Initializing Spring embedded WebApplicationContext
2021-08-19 13:11:21,417 INFO [Http11NioProtocol.log.173] Starting ProtocolHandler ["http-nio-8080"]
2021-08-19 13:11:43,947 INFO [[/].log.173] Initializing Spring DispatcherServlet 'dispatcherServlet'
2021-08-19 13:11:44,010 INFO [ControllerBusiness.stats.53] Start...
2021-08-19 13:11:48,559 INFO [HikariDataSource.getConnection.110] HikariPool-1 - Starting...
2021-08-19 13:11:53,236 INFO [HikariDataSource.getConnection.123] HikariPool-1 - Start completed.
2021-08-19 13:39:32,177 INFO [Http11NioProtocol.log.173] Initializing ProtocolHandler ["http-nio-8080"]
2021-08-19 13:39:32,204 INFO [StandardService.log.173] Starting service [Tomcat]
2021-08-19 13:39:32,205 INFO [StandardEngine.log.173] Starting Servlet engine: [Apache Tomcat/9.0.37]
2021-08-19 13:39:32,364 INFO [[/].log.173] Initializing Spring embedded WebApplicationContext
2021-08-19 13:39:33,380 INFO [Http11NioProtocol.log.173] Starting ProtocolHandler ["http-nio-8080"]
2021-08-19 13:39:50,819 INFO [[/].log.173] Initializing Spring DispatcherServlet 'dispatcherServlet'
2021-08-19 13:39:50,871 INFO [ControllerBusiness.stats.53] Start...
2021-08-19 13:39:50,910 INFO [HikariDataSource.getConnection.110] HikariPool-1 - Starting...
2021-08-19 13:39:51,455 INFO [HikariDataSource.getConnection.123] HikariPool-1 - Start completed.
2021-08-19 13:39:51,540 INFO [ControllerBusiness.stats.70] Response: ResponseDTO(stats=Stats(countMutantDna=0, countHumanDna=0, ratio=0))
2021-08-19 13:39:51,540 INFO [ControllerBusiness.stats.71] End...
2021-08-19 13:51:56,247 INFO [ControllerBusiness.mutant.29] Start...
2021-08-19 13:51:56,248 INFO [ControllerBusiness.mutant.30] Request: RequestDTO(dna=[GTGCGA, CAGTGC, TTATGT, AGAAGG, CCCATA, TCAETG])
2021-08-19 13:51:56,251 INFO [ControllerBusiness.mutant.42] No paso la validaciones.
2021-08-19 13:51:56,252 INFO [ControllerBusiness.mutant.48] End...
2021-08-19 13:52:18,663 INFO [ControllerBusiness.mutant.29] Start...
2021-08-19 13:52:18,664 INFO [ControllerBusiness.mutant.30] Request: RequestDTO(dna=[GTGCGA, CAGTGC, TTATGT, AGAAGG, CCCATA, TCAGTG])
2021-08-19 13:52:18,776 INFO [ControllerBusiness.mutant.39] Es humano.
2021-08-19 13:52:18,777 INFO [ControllerBusiness.mutant.48] End...
